Using pre-set license
Built from '2021.3/evg/staging/82bb020e-b03b1330/draft-0' branch; Version is '2021.3.16f1 (4016570cf34f) revision 4200023'; Using compiler version '192829333'; Build Type 'Release'
OS: 'Windows 11  (10.0.22631) 64bit Core' Language: 'en' Physical Memory: 16147 MB
BatchMode: 1, IsHumanControllingUs: 0, StartBugReporterOnCrash: 0, Is64bit: 1, IsPro: 1

COMMAND LINE ARGUMENTS:
C:\Program Files\Unity\Hub\Editor\2021.3.16f1\Editor\Unity.exe
-adb2
-batchMode
-noUpm
-name
AssetImportWorker0
-projectPath
C:/Users/Vo_Duyen/Documents/Project Game Unity/First RPG 3D Project
-logFile
Logs/AssetImportWorker0.log
-srvPort
50338
Successfully changed project path to: C:/Users/Vo_Duyen/Documents/Project Game Unity/First RPG 3D Project
C:/Users/Vo_Duyen/Documents/Project Game Unity/First RPG 3D Project
[UnityMemory] Configuration Parameters - Can be set up in boot.config
    "memorysetup-bucket-allocator-granularity=16"
    "memorysetup-bucket-allocator-bucket-count=8"
    "memorysetup-bucket-allocator-block-size=33554432"
    "memorysetup-bucket-allocator-block-count=8"
    "memorysetup-main-allocator-block-size=16777216"
    "memorysetup-thread-allocator-block-size=16777216"
    "memorysetup-gfx-main-allocator-block-size=16777216"
    "memorysetup-gfx-thread-allocator-block-size=16777216"
    "memorysetup-cache-allocator-block-size=4194304"
    "memorysetup-typetree-allocator-block-size=2097152"
    "memorysetup-profiler-bucket-allocator-granularity=16"
    "memorysetup-profiler-bucket-allocator-bucket-count=8"
    "memorysetup-profiler-bucket-allocator-block-size=33554432"
    "memorysetup-profiler-bucket-allocator-block-count=8"
    "memorysetup-profiler-allocator-block-size=16777216"
    "memorysetup-profiler-editor-allocator-block-size=1048576"
    "memorysetup-temp-allocator-size-main=16777216"
    "memorysetup-job-temp-allocator-block-size=2097152"
    "memorysetup-job-temp-allocator-block-size-background=1048576"
    "memorysetup-job-temp-allocator-reduction-small-platforms=262144"
    "memorysetup-temp-allocator-size-background-worker=32768"
    "memorysetup-temp-allocator-size-job-worker=262144"
    "memorysetup-temp-allocator-size-preload-manager=33554432"
    "memorysetup-temp-allocator-size-nav-mesh-worker=65536"
    "memorysetup-temp-allocator-size-audio-worker=65536"
    "memorysetup-temp-allocator-size-cloud-worker=32768"
    "memorysetup-temp-allocator-size-gi-baking-worker=262144"
    "memorysetup-temp-allocator-size-gfx=262144"
Player connection [16356] Host "[IP] 192.168.150.1 [Port] 0 [Flags] 2 [Guid] 2445826450 [EditorId] 2445826450 [Version] 1048832 [Id] WindowsEditor(7,Vo-Duyen) [Debug] 1 [PackageName] WindowsEditor [ProjectName] Editor" joined multi-casting on [225.0.0.222:54997]...

Player connection [16356] Host "[IP] 192.168.150.1 [Port] 0 [Flags] 2 [Guid] 2445826450 [EditorId] 2445826450 [Version] 1048832 [Id] WindowsEditor(7,Vo-Duyen) [Debug] 1 [PackageName] WindowsEditor [ProjectName] Editor" joined alternative multi-casting on [225.0.0.222:34997]...

Refreshing native plugins compatible for Editor in 72.29 ms, found 3 plugins.
Preloading 0 native plugins for Editor in 0.00 ms.
Initialize engine version: 2021.3.16f1 (4016570cf34f)
[Subsystems] Discovering subsystems at path C:/Program Files/Unity/Hub/Editor/2021.3.16f1/Editor/Data/Resources/UnitySubsystems
[Subsystems] Discovering subsystems at path C:/Users/Vo_Duyen/Documents/Project Game Unity/First RPG 3D Project/Assets
GfxDevice: creating device client; threaded=0; jobified=0
Direct3D:
    Version:  Direct3D 11.0 [level 11.1]
    Renderer: NVIDIA GeForce GTX 1650 (ID=0x1f9d)
    Vendor:   NVIDIA
    VRAM:     3962 MB
    Driver:   30.0.15.1274
Shader Custom/UnlitShadow uses undefined Queue: 'Opaque'
Shader Custom/UnlitShadow uses undefined Queue: 'Opaque'
Initialize mono
Mono path[0] = 'C:/Program Files/Unity/Hub/Editor/2021.3.16f1/Editor/Data/Managed'
Mono path[1] = 'C:/Program Files/Unity/Hub/Editor/2021.3.16f1/Editor/Data/MonoBleedingEdge/lib/mono/unityjit-win32'
Mono config path = 'C:/Program Files/Unity/Hub/Editor/2021.3.16f1/Editor/Data/MonoBleedingEdge/etc'
Using monoOptions --debugger-agent=transport=dt_socket,embedding=1,server=y,suspend=n,address=127.0.0.1:56504
Begin MonoManager ReloadAssembly
Registering precompiled unity dll's ...
Register platform support module: C:/Program Files/Unity/Hub/Editor/2021.3.16f1/Editor/Data/PlaybackEngines/WindowsStandaloneSupport/UnityEditor.WindowsStandalone.Extensions.dll
Registered in 0.002841 seconds.
Native extension for WindowsStandalone target not found
Refreshing native plugins compatible for Editor in 83.01 ms, found 3 plugins.
Preloading 0 native plugins for Editor in 0.00 ms.
Mono: successfully reloaded assembly
- Completed reload, in  1.100 seconds
Domain Reload Profiling:
	ReloadAssembly (1101ms)
		BeginReloadAssembly (81ms)
			ExecutionOrderSort (0ms)
			DisableScriptedObjects (0ms)
			BackupInstance (0ms)
			ReleaseScriptingObjects (0ms)
			CreateAndSetChildDomain (1ms)
		EndReloadAssembly (910ms)
			LoadAssemblies (80ms)
			RebuildTransferFunctionScriptingTraits (0ms)
			SetupTypeCache (92ms)
			ReleaseScriptCaches (0ms)
			RebuildScriptCaches (34ms)
			SetupLoadedEditorAssemblies (728ms)
				LogAssemblyErrors (0ms)
				InitializePlatformSupportModulesInManaged (7ms)
				SetLoadedEditorAssemblies (0ms)
				RefreshPlugins (83ms)
				BeforeProcessingInitializeOnLoad (1ms)
				ProcessInitializeOnLoadAttributes (551ms)
				ProcessInitializeOnLoadMethodAttributes (86ms)
				AfterProcessingInitializeOnLoad (0ms)
				EditorAssembliesLoaded (0ms)
			ExecutionOrderSort2 (0ms)
			AwakeInstancesAfterBackupRestoration (0ms)
Platform modules already initialized, skipping
Registering precompiled user dll's ...
Registered in 0.011998 seconds.
Begin MonoManager ReloadAssembly
Symbol file LoadedFromMemory doesn't match image C:\Users\Vo_Duyen\Documents\Project Game Unity\First RPG 3D Project\Library\PackageCache\com.unity.visualscripting@1.7.8\Editor\VisualScripting.Core\Dependencies\YamlDotNet\Unity.VisualScripting.YamlDotNet.dll
Symbol file LoadedFromMemory doesn't match image C:\Users\Vo_Duyen\Documents\Project Game Unity\First RPG 3D Project\Library\PackageCache\com.unity.visualscripting@1.7.8\Editor\VisualScripting.Core\Dependencies\DotNetZip\Unity.VisualScripting.IonicZip.dll
Native extension for WindowsStandalone target not found
Refreshing native plugins compatible for Editor in 0.77 ms, found 3 plugins.
Preloading 0 native plugins for Editor in 0.00 ms.
Mono: successfully reloaded assembly
- Completed reload, in  0.864 seconds
Domain Reload Profiling:
	ReloadAssembly (865ms)
		BeginReloadAssembly (87ms)
			ExecutionOrderSort (0ms)
			DisableScriptedObjects (5ms)
			BackupInstance (0ms)
			ReleaseScriptingObjects (0ms)
			CreateAndSetChildDomain (18ms)
		EndReloadAssembly (688ms)
			LoadAssemblies (62ms)
			RebuildTransferFunctionScriptingTraits (0ms)
			SetupTypeCache (238ms)
			ReleaseScriptCaches (1ms)
			RebuildScriptCaches (42ms)
			SetupLoadedEditorAssemblies (306ms)
				LogAssemblyErrors (0ms)
				InitializePlatformSupportModulesInManaged (4ms)
				SetLoadedEditorAssemblies (0ms)
				RefreshPlugins (1ms)
				BeforeProcessingInitializeOnLoad (70ms)
				ProcessInitializeOnLoadAttributes (209ms)
				ProcessInitializeOnLoadMethodAttributes (19ms)
				AfterProcessingInitializeOnLoad (4ms)
				EditorAssembliesLoaded (0ms)
			ExecutionOrderSort2 (0ms)
			AwakeInstancesAfterBackupRestoration (5ms)
Platform modules already initialized, skipping
========================================================================
Worker process is ready to serve import requests
Shader Custom/UnlitShadow uses undefined Queue: 'Opaque'
Shader Custom/UnlitShadow uses undefined Queue: 'Opaque'
Launched and connected shader compiler UnityShaderCompiler.exe after 0.03 seconds
Refreshing native plugins compatible for Editor in 1.03 ms, found 3 plugins.
Preloading 0 native plugins for Editor in 0.00 ms.
Unloading 3369 Unused Serialized files (Serialized files now loaded: 0)
Unloading 25 unused Assets / (56.1 KB). Loaded Objects now: 3831.
Memory consumption went from 118.3 MB to 118.2 MB.
Total: 3.540600 ms (FindLiveObjects: 0.452500 ms CreateObjectMapping: 0.267100 ms MarkObjects: 2.726100 ms  DeleteObjects: 0.093600 ms)

AssetImportParameters requested are different than current active one (requested -> active):
  custom:video-decoder-ogg-theora: a1e56fd34408186e4bbccfd4996cb3dc -> 
  custom:container-muxer-webm: aa71ff27fc2769a1b78a27578f13a17b -> 
  custom:container-demuxer-webm: 4f35f7cbe854078d1ac9338744f61a02 -> 
  custom:video-encoder-webm-vp8: eb34c28f22e8b96e1ab97ce403110664 -> 
  custom:video-codec-MediaFoundation-h265: 746d11721c4dcdbdad8f713fa42b33f4 -> 
  custom:audio-encoder-webm-vorbis: bf7c407c2cedff20999df2af8eb42d56 -> 
  custom:framework-win-MediaFoundation: 216162199b28c13a410421893ffa2e32 -> 
  custom:container-demuxer-ogg: 62fdf1f143b41e24485cea50d1cbac27 -> 
  custom:video-decoder-webm-vp8: 9c59270c3fd7afecdb556c50c9e8de78 -> 
  custom:audio-decoder-ogg-vorbis: bf7c407c2cedff20999df2af8eb42d56 -> 
========================================================================
Received Import Request.
  Time since last request: 85815.923073 seconds.
  path: Assets/Scenes/Terrain1.unity
  artifactKey: Guid(273c4e52d8b92e0468a7323d490847bc) Importer(815301076,1909f56bfc062723c751e8b465ee728b)
Start importing Assets/Scenes/Terrain1.unity using Guid(273c4e52d8b92e0468a7323d490847bc) Importer(815301076,1909f56bfc062723c751e8b465ee728b)  -> (artifact id: '60d2cb2b48d303295202ee38853a1021') in 0.015475 seconds 
========================================================================
Received Import Request.
  Time since last request: 0.000039 seconds.
  path: Assets/Scenes/SampleScene.unity
  artifactKey: Guid(9fc0d4010bbf28b4594072e72b8655ab) Importer(815301076,1909f56bfc062723c751e8b465ee728b)
Start importing Assets/Scenes/SampleScene.unity using Guid(9fc0d4010bbf28b4594072e72b8655ab) Importer(815301076,1909f56bfc062723c751e8b465ee728b)  -> (artifact id: 'e55ccaa32d8e5c1de03c07a5412c8c3c') in 0.007085 seconds 
========================================================================
Received Prepare
Registering precompiled user dll's ...
Registered in 0.004319 seconds.
Begin MonoManager ReloadAssembly
Symbol file LoadedFromMemory doesn't match image C:\Users\Vo_Duyen\Documents\Project Game Unity\First RPG 3D Project\Library\PackageCache\com.unity.visualscripting@1.7.8\Editor\VisualScripting.Core\Dependencies\YamlDotNet\Unity.VisualScripting.YamlDotNet.dll
Symbol file LoadedFromMemory doesn't match image C:\Users\Vo_Duyen\Documents\Project Game Unity\First RPG 3D Project\Library\PackageCache\com.unity.visualscripting@1.7.8\Editor\VisualScripting.Core\Dependencies\DotNetZip\Unity.VisualScripting.IonicZip.dll
Native extension for WindowsStandalone target not found
Refreshing native plugins compatible for Editor in 0.93 ms, found 3 plugins.
Preloading 0 native plugins for Editor in 0.00 ms.
Mono: successfully reloaded assembly
- Completed reload, in  1.010 seconds
Domain Reload Profiling:
	ReloadAssembly (1011ms)
		BeginReloadAssembly (136ms)
			ExecutionOrderSort (0ms)
			DisableScriptedObjects (5ms)
			BackupInstance (0ms)
			ReleaseScriptingObjects (0ms)
			CreateAndSetChildDomain (40ms)
		EndReloadAssembly (789ms)
			LoadAssemblies (80ms)
			RebuildTransferFunctionScriptingTraits (0ms)
			SetupTypeCache (262ms)
			ReleaseScriptCaches (2ms)
			RebuildScriptCaches (41ms)
			SetupLoadedEditorAssemblies (367ms)
				LogAssemblyErrors (0ms)
				InitializePlatformSupportModulesInManaged (14ms)
				SetLoadedEditorAssemblies (1ms)
				RefreshPlugins (1ms)
				BeforeProcessingInitializeOnLoad (60ms)
				ProcessInitializeOnLoadAttributes (253ms)
				ProcessInitializeOnLoadMethodAttributes (31ms)
				AfterProcessingInitializeOnLoad (6ms)
				EditorAssembliesLoaded (0ms)
			ExecutionOrderSort2 (0ms)
			AwakeInstancesAfterBackupRestoration (8ms)
Platform modules already initialized, skipping
Shader Custom/UnlitShadow uses undefined Queue: 'Opaque'
Shader Custom/UnlitShadow uses undefined Queue: 'Opaque'
Refreshing native plugins compatible for Editor in 2.50 ms, found 3 plugins.
Preloading 0 native plugins for Editor in 0.00 ms.
Unloading 3358 Unused Serialized files (Serialized files now loaded: 0)
Unloading 18 unused Assets / (24.6 KB). Loaded Objects now: 3834.
Memory consumption went from 117.6 MB to 117.6 MB.
Total: 3.928300 ms (FindLiveObjects: 0.323800 ms CreateObjectMapping: 0.172200 ms MarkObjects: 3.398000 ms  DeleteObjects: 0.033000 ms)

AssetImportParameters requested are different than current active one (requested -> active):
  custom:video-decoder-ogg-theora: a1e56fd34408186e4bbccfd4996cb3dc -> 
  custom:container-muxer-webm: aa71ff27fc2769a1b78a27578f13a17b -> 
  custom:container-demuxer-webm: 4f35f7cbe854078d1ac9338744f61a02 -> 
  custom:video-encoder-webm-vp8: eb34c28f22e8b96e1ab97ce403110664 -> 
  custom:video-codec-MediaFoundation-h265: 746d11721c4dcdbdad8f713fa42b33f4 -> 
  custom:audio-encoder-webm-vorbis: bf7c407c2cedff20999df2af8eb42d56 -> 
  custom:framework-win-MediaFoundation: 216162199b28c13a410421893ffa2e32 -> 
  custom:container-demuxer-ogg: 62fdf1f143b41e24485cea50d1cbac27 -> 
  custom:video-decoder-webm-vp8: 9c59270c3fd7afecdb556c50c9e8de78 -> 
  custom:audio-decoder-ogg-vorbis: bf7c407c2cedff20999df2af8eb42d56 -> 
========================================================================
Received Import Request.
  Time since last request: 271.344771 seconds.
  path: Assets/Cartoon Heroes/Character Prefabs
  artifactKey: Guid(0d9759f1e8a23184583e90dc22eb6488) Importer(815301076,1909f56bfc062723c751e8b465ee728b)
Start importing Assets/Cartoon Heroes/Character Prefabs using Guid(0d9759f1e8a23184583e90dc22eb6488) Importer(815301076,1909f56bfc062723c751e8b465ee728b)  -> (artifact id: 'c68937e907afe9070ecd82135572392d') in 0.014298 seconds 
========================================================================
Received Import Request.
  Time since last request: 0.692401 seconds.
  path: Assets/Cartoon Heroes/Female
  artifactKey: Guid(0874055c344b39d4fa30265d19470733) Importer(815301076,1909f56bfc062723c751e8b465ee728b)
Start importing Assets/Cartoon Heroes/Female using Guid(0874055c344b39d4fa30265d19470733) Importer(815301076,1909f56bfc062723c751e8b465ee728b)  -> (artifact id: 'f2aa4615b787b2dca7dd38c916b0c527') in 0.007830 seconds 
========================================================================
Received Import Request.
  Time since last request: 1.486518 seconds.
  path: Assets/Cartoon Heroes/Female/3D
  artifactKey: Guid(11755f1808237e746a0372eba552fbfb) Importer(815301076,1909f56bfc062723c751e8b465ee728b)
Start importing Assets/Cartoon Heroes/Female/3D using Guid(11755f1808237e746a0372eba552fbfb) Importer(815301076,1909f56bfc062723c751e8b465ee728b)  -> (artifact id: 'eb8b4dd75fe4b0751038bdfce3bfc839') in 0.008289 seconds 
========================================================================
Received Import Request.
  Time since last request: 1.064087 seconds.
  path: Assets/Cartoon Heroes/Female/3D/Animation Skeleton
  artifactKey: Guid(1fcef09b14773f34787b2d5e3ba778fc) Importer(815301076,1909f56bfc062723c751e8b465ee728b)
Start importing Assets/Cartoon Heroes/Female/3D/Animation Skeleton using Guid(1fcef09b14773f34787b2d5e3ba778fc) Importer(815301076,1909f56bfc062723c751e8b465ee728b)  -> (artifact id: 'ef844f26a48e2262b2a0b82ccd906b62') in 0.008468 seconds 
========================================================================
Received Import Request.
  Time since last request: 64.482331 seconds.
  path: Assets/NewLayer 1.terrainlayer
  artifactKey: Guid(6732debf69a721b45824be6f1ddf33ae) Importer(815301076,1909f56bfc062723c751e8b465ee728b)
Start importing Assets/NewLayer 1.terrainlayer using Guid(6732debf69a721b45824be6f1ddf33ae) Importer(815301076,1909f56bfc062723c751e8b465ee728b)  -> (artifact id: 'eb429e13e1441f294e64457ddf4654c5') in 0.104817 seconds 
========================================================================
Received Import Request.
  Time since last request: 0.884320 seconds.
  path: Assets/New Terrain.asset
  artifactKey: Guid(09251734e933d4344a440e47548fcdf7) Importer(815301076,1909f56bfc062723c751e8b465ee728b)
Start importing Assets/New Terrain.asset using Guid(09251734e933d4344a440e47548fcdf7) Importer(815301076,1909f56bfc062723c751e8b465ee728b) The tree Pine_tree must use the Nature/Soft Occlusion shader. Otherwise billboarding/lighting will not work correctly.
 -> (artifact id: 'a725fbcae36efeeea53f2c83b256f98e') in 0.130019 seconds 
========================================================================
Received Import Request.
  Time since last request: 23.582463 seconds.
  path: Assets/Cartoon Heroes/Scripts/SetCharacter
  artifactKey: Guid(285db7462aff39d4cac80584aa1813af) Importer(815301076,1909f56bfc062723c751e8b465ee728b)
Start importing Assets/Cartoon Heroes/Scripts/SetCharacter using Guid(285db7462aff39d4cac80584aa1813af) Importer(815301076,1909f56bfc062723c751e8b465ee728b)  -> (artifact id: '0cd9dae4e9a68d71abbbba93f0f8809a') in 0.008081 seconds 
========================================================================
Received Import Request.
  Time since last request: 21.982882 seconds.
  path: Assets/Props/Textures/Atlas_Props_01_Emission.psd
  artifactKey: Guid(f72c851730284549a28937da858ba501) Importer(815301076,1909f56bfc062723c751e8b465ee728b)
Start importing Assets/Props/Textures/Atlas_Props_01_Emission.psd using Guid(f72c851730284549a28937da858ba501) Importer(815301076,1909f56bfc062723c751e8b465ee728b)  -> (artifact id: 'b894693204bee1889cd5cbca3ab64412') in 0.019751 seconds 
========================================================================
Received Import Request.
  Time since last request: 0.000027 seconds.
  path: Assets/!Items/StylRocksMagic/StylRocksMagic_TexturesMat/StylMagicRocks_Emissive.tga
  artifactKey: Guid(88013a4217f56554cb326c6e8094f8e5) Importer(815301076,1909f56bfc062723c751e8b465ee728b)
Start importing Assets/!Items/StylRocksMagic/StylRocksMagic_TexturesMat/StylMagicRocks_Emissive.tga using Guid(88013a4217f56554cb326c6e8094f8e5) Importer(815301076,1909f56bfc062723c751e8b465ee728b)  -> (artifact id: 'edcc02a015a52b0bf6a6e2b8d928db61') in 0.016367 seconds 
========================================================================
Received Import Request.
  Time since last request: 1016.760700 seconds.
  path: Assets/Cartoon Heroes/Female/3D/Animation Skeleton/Female_Animation_Skeleton.FBX
  artifactKey: Guid(d4bc8aeee1248da43a4176631929bc9d) Importer(815301076,1909f56bfc062723c751e8b465ee728b)
Start importing Assets/Cartoon Heroes/Female/3D/Animation Skeleton/Female_Animation_Skeleton.FBX using Guid(d4bc8aeee1248da43a4176631929bc9d) Importer(815301076,1909f56bfc062723c751e8b465ee728b)  -> (artifact id: '16bb2f6cd93ee45e5ea0ceda99467f50') in 0.271468 seconds 
========================================================================
Received Import Request.
  Time since last request: 0.000043 seconds.
  path: Assets/Cartoon Heroes/Female/3D/Legs/Legs_1/Female_Legs_1.FBX
  artifactKey: Guid(d655bfaf1d23bb74a9154d7ce2eb6e7f) Importer(815301076,1909f56bfc062723c751e8b465ee728b)
Start importing Assets/Cartoon Heroes/Female/3D/Legs/Legs_1/Female_Legs_1.FBX using Guid(d655bfaf1d23bb74a9154d7ce2eb6e7f) Importer(815301076,1909f56bfc062723c751e8b465ee728b)  -> (artifact id: 'a05c21ee2d109d697cb4a8f0d60fb406') in 0.213793 seconds 
========================================================================
Received Import Request.
  Time since last request: 0.000058 seconds.
  path: Assets/!Items/StylizedHandPaintedDungeon(Free)/Prefabs/Floor.prefab
  artifactKey: Guid(e348e7143b6247b488737e4be26fb038) Importer(815301076,1909f56bfc062723c751e8b465ee728b)
Start importing Assets/!Items/StylizedHandPaintedDungeon(Free)/Prefabs/Floor.prefab using Guid(e348e7143b6247b488737e4be26fb038) Importer(815301076,1909f56bfc062723c751e8b465ee728b)  -> (artifact id: 'b0a2c26529db93f14306a89bd804513e') in 0.135151 seconds 
========================================================================
Received Import Request.
  Time since last request: 0.000041 seconds.
  path: Assets/!Items/StylizedHandPaintedDungeon(Free)/Originals/Floor.fbx
  artifactKey: Guid(b31c62c35ced11c4383176ecffe930c9) Importer(815301076,1909f56bfc062723c751e8b465ee728b)
Start importing Assets/!Items/StylizedHandPaintedDungeon(Free)/Originals/Floor.fbx using Guid(b31c62c35ced11c4383176ecffe930c9) Importer(815301076,1909f56bfc062723c751e8b465ee728b)  -> (artifact id: 'e0bf6864c216124ca2ad0636789857bc') in 0.023157 seconds 
========================================================================
Received Import Request.
  Time since last request: 0.000034 seconds.
  path: Assets/Cartoon Heroes/Female/3D/Heads/Head 1/Female_Head_1.FBX
  artifactKey: Guid(f778d65360c43c3488f0f6aee8c4fd8f) Importer(815301076,1909f56bfc062723c751e8b465ee728b)
Start importing Assets/Cartoon Heroes/Female/3D/Heads/Head 1/Female_Head_1.FBX using Guid(f778d65360c43c3488f0f6aee8c4fd8f) Importer(815301076,1909f56bfc062723c751e8b465ee728b)  -> (artifact id: '3d490c850f1da40fa654eb930aee4543') in 0.037382 seconds 
========================================================================
Received Import Request.
  Time since last request: 5.216652 seconds.
  path: Assets/MainPrefabs/flowers/flower4.prefab
  artifactKey: Guid(669d91a023aaa6e43a40ce470d0cc03e) Importer(815301076,1909f56bfc062723c751e8b465ee728b)
Start importing Assets/MainPrefabs/flowers/flower4.prefab using Guid(669d91a023aaa6e43a40ce470d0cc03e) Importer(815301076,1909f56bfc062723c751e8b465ee728b)  -> (artifact id: '63d98071f30b0dec24433ff076d31277') in 0.091357 seconds 
========================================================================
Received Import Request.
  Time since last request: 2.857756 seconds.
  path: Assets/MainPrefabs/STFences.fbx
  artifactKey: Guid(97f89b02b1d1b3744b65655f76b3b7f1) Importer(815301076,1909f56bfc062723c751e8b465ee728b)
Start importing Assets/MainPrefabs/STFences.fbx using Guid(97f89b02b1d1b3744b65655f76b3b7f1) Importer(815301076,1909f56bfc062723c751e8b465ee728b)  -> (artifact id: 'd32904470772e3b7275fe7999218235e') in 0.193532 seconds 
========================================================================
Received Import Request.
  Time since last request: 10.753250 seconds.
  path: Assets/Cartoon Heroes/Female/3D/Animation Skeleton/Animations/Female_Animation@Female_Damage.FBX
  artifactKey: Guid(9c291ec3850f7004fa3da8ac7a2397d5) Importer(815301076,1909f56bfc062723c751e8b465ee728b)
Start importing Assets/Cartoon Heroes/Female/3D/Animation Skeleton/Animations/Female_Animation@Female_Damage.FBX using Guid(9c291ec3850f7004fa3da8ac7a2397d5) Importer(815301076,1909f56bfc062723c751e8b465ee728b)  -> (artifact id: '8f2df988205f112ec58e3aa8bc7c5d76') in 0.012063 seconds 
========================================================================
Received Import Request.
  Time since last request: 0.000022 seconds.
  path: Assets/Cartoon Heroes/Female/3D/Animation Skeleton/Animations/Female_Animation@Female_Sword_Attacks.FBX
  artifactKey: Guid(470701484e352274bbde411212de5515) Importer(815301076,1909f56bfc062723c751e8b465ee728b)
Start importing Assets/Cartoon Heroes/Female/3D/Animation Skeleton/Animations/Female_Animation@Female_Sword_Attacks.FBX using Guid(470701484e352274bbde411212de5515) Importer(815301076,1909f56bfc062723c751e8b465ee728b)  -> (artifact id: 'b9c64d5bb6cc44ac34bab8bc95fb5a89') in 0.010910 seconds 
========================================================================
Received Import Request.
  Time since last request: 0.000030 seconds.
  path: Assets/Cartoon Heroes/Female/3D/Animation Skeleton/Animations/Female_Animation@Female_Sprint.FBX
  artifactKey: Guid(41a9542dfeb1583478948b6f4702f26d) Importer(815301076,1909f56bfc062723c751e8b465ee728b)
Start importing Assets/Cartoon Heroes/Female/3D/Animation Skeleton/Animations/Female_Animation@Female_Sprint.FBX using Guid(41a9542dfeb1583478948b6f4702f26d) Importer(815301076,1909f56bfc062723c751e8b465ee728b)  -> (artifact id: '409d1d5a6620a9897c63142829a95b25') in 0.014729 seconds 
========================================================================
Received Import Request.
  Time since last request: 0.000027 seconds.
  path: Assets/Cartoon Heroes/Female/3D/Animation Skeleton/Animations/Female_Animation@Female_Roll.FBX
  artifactKey: Guid(69f1e5d1c1139c34ea159d3f7d42cdcc) Importer(815301076,1909f56bfc062723c751e8b465ee728b)
Start importing Assets/Cartoon Heroes/Female/3D/Animation Skeleton/Animations/Female_Animation@Female_Roll.FBX using Guid(69f1e5d1c1139c34ea159d3f7d42cdcc) Importer(815301076,1909f56bfc062723c751e8b465ee728b)  -> (artifact id: 'e76f0b7c3b6edf8605e5d6361be8571b') in 0.013774 seconds 
========================================================================
Received Import Request.
  Time since last request: 4.053768 seconds.
  path: Assets/Props/Prefabs/Props/Barrels_Preset_02.prefab
  artifactKey: Guid(c0ec564d1f2148c99703100107fde91c) Importer(815301076,1909f56bfc062723c751e8b465ee728b)
Start importing Assets/Props/Prefabs/Props/Barrels_Preset_02.prefab using Guid(c0ec564d1f2148c99703100107fde91c) Importer(815301076,1909f56bfc062723c751e8b465ee728b)  -> (artifact id: '25c8ffea30f5324fd0be0dc1dc0572ca') in 0.202351 seconds 
========================================================================
Received Import Request.
  Time since last request: 0.000023 seconds.
  path: Assets/Props/Meshes/SRC_Props/Barrels_Preset_03.fbx
  artifactKey: Guid(2b23fa3be2c54f438c5e125f837f5c54) Importer(815301076,1909f56bfc062723c751e8b465ee728b)
Start importing Assets/Props/Meshes/SRC_Props/Barrels_Preset_03.fbx using Guid(2b23fa3be2c54f438c5e125f837f5c54) Importer(815301076,1909f56bfc062723c751e8b465ee728b)  -> (artifact id: '9a88f98df24745d5969b56f503ee23f7') in 0.055310 seconds 
Editor requested this worker to shutdown with reason: Scaling down because of idle timeout
AssetImportWorker is now disconnected from the server
Process exiting
Exiting without the bug reporter. Application will terminate with return code 0